<?xml version="1.0" encoding="UTF-8"?>
<testng-results ignored="0" total="3" passed="3" failed="0" skipped="0">
  <reporter-output>
  </reporter-output>
  <suite started-at="2023-05-20T15:43:06 IST" name="Suite" finished-at="2023-05-20T15:43:06 IST" duration-ms="92">
    <groups>
    </groups>
    <test started-at="2023-05-20T15:43:06 IST" name="Test" finished-at="2023-05-20T15:43:06 IST" duration-ms="92">
      <class name="automation.demoJenkins.Brush">
        <test-method signature="main()[pri:0, instance:automation.demoJenkins.Brush@193f604a]" started-at="2023-05-20T15:43:06 IST" name="main" finished-at="2023-05-20T15:43:06 IST" duration-ms="15" status="PASS">
          <reporter-output>
          </reporter-output>
        </test-method> <!-- main -->
      </class> <!-- automation.demoJenkins.Brush -->
      <class name="automation.demoJenkins.WakeUp">
        <test-method signature="main()[pri:0, instance:automation.demoJenkins.WakeUp@3fb1549b]" started-at="2023-05-20T15:43:06 IST" name="main" finished-at="2023-05-20T15:43:06 IST" duration-ms="3" status="PASS">
          <reporter-output>
          </reporter-output>
        </test-method> <!-- main -->
      </class> <!-- automation.demoJenkins.WakeUp -->
      <class name="automation.demoJenkins.BreakFast">
        <test-method signature="main()[pri:0, instance:automation.demoJenkins.BreakFast@10feca44]" started-at="2023-05-20T15:43:06 IST" name="main" finished-at="2023-05-20T15:43:06 IST" duration-ms="2" status="PASS">
          <reporter-output>
          </reporter-output>
        </test-method> <!-- main -->
      </class> <!-- automation.demoJenkins.BreakFast -->
    </test> <!-- Test -->
  </suite> <!-- Suite -->
</testng-results>
