<?xml version="1.0" encoding="UTF-8"?>
<!-- Generated by org.testng.reporters.JUnitXMLReporter -->
<testsuite ignored="0" hostname="DESKTOP-K6LIQI3" failures="0" tests="3" name="Test" time="0.092" errors="0" timestamp="2023-05-20T15:43:06 IST">
  <testcase classname="automation.demoJenkins.Brush" name="main" time="0.015"/>
  <testcase classname="automation.demoJenkins.BreakFast" name="main" time="0.002"/>
  <testcase classname="automation.demoJenkins.WakeUp" name="main" time="0.003"/>
</testsuite> <!-- Test -->
